SUCESSO nfe.sefaz.am.gov.br
SUCESSO www.svc.fazenda.gov.br
SUCESSO www.nfe.fazenda.gov.br
SUCESSO nfe.sefaz.ba.gov.br
SUCESSO nfe.sefaz.ce.gov.br
SUCESSO nfe.sefaz.go.gov.br
SUCESSO nfe.fazenda.mg.gov.br
SUCESSO nfe.fazenda.ms.gov.br
SUCESSO nfe.sefaz.mt.gov.br
SUCESSO nfe.sefaz.pe.gov.br
SUCESSO nfe.fazenda.pr.gov.br
SUCESSO nfe.sefazrs.rs.gov.br
SUCESSO nfe.fazenda.sp.gov.br
SUCESSO nfe.svrs.rs.gov.br
SUCESSO homnfe.sefaz.am.gov.br
SUCESSO hom.nfe.fazenda.gov.br
SUCESSO hnfe.sefaz.ba.gov.br
SUCESSO nfeh.sefaz.ce.gov.br
SUCESSO homolog.sefaz.go.gov.br
SUCESSO hnfe.fazenda.mg.gov.br
SUCESSO homologacao.nfe.ms.gov.br
SUCESSO homologacao.sefaz.mt.gov.br
SUCESSO nfehomolog.sefaz.pe.gov.br
SUCESSO homologacao.nfe.fazenda.pr.gov.br
SUCESSO nfe-homologacao.sefazrs.rs.gov.br
SUCESSO homologacao.nfe.fazenda.sp.gov.br
SUCESSO hom.sefazvirtual.fazenda.gov.br
SUCESSO nfe-homologacao.svrs.rs.gov.br
SUCESSO hom.svc.fazenda.gov.br
SUCESSO nfce.sefaz.am.gov.br
SUCESSO nfce.sefaz.mt.gov.br
SUCESSO nfce.fazenda.pr.gov.br
SUCESSO nfce.sefazrs.rs.gov.br
SUCESSO nfce.fazenda.sp.gov.br
SUCESSO homnfce.sefaz.am.gov.br
SUCESSO homologacao.sefaz.mt.gov.br
SUCESSO homologacao.nfce.fazenda.pr.gov.br
SUCESSO nfce-homologacao.sefazrs.rs.gov.br
SUCESSO homologacao.nfce.fazenda.sp.gov.br
SUCESSO hcte.fazenda.mg.gov.br
SUCESSO cte.fazenda.mg.gov.br
SUCESSO homologacao.cte.ms.gov.br
SUCESSO producao.cte.ms.gov.br
SUCESSO homologacao.sefaz.mt.gov.br
SUCESSO cte.sefaz.mt.gov.br
SUCESSO homologacao.cte.fazenda.pr.gov.br
SUCESSO cte.fazenda.pr.gov.br
SUCESSO cte-homologacao.svrs.rs.gov.br
SUCESSO cte.svrs.rs.gov.br
FALHA mdfe-homologacao.svrs.rs.gov
SUCESSO mdfe.svrs.rs.gov.br
SUCESSO preprod-efinanc.receita.fazenda.gov.br
SUCESSO efinanc.receita.fazenda.gov.br
